<?xml version="1.0" encoding="UTF-8"?>
<testsuite xmlns:xsi="http://www.w3.org/2001/XMLSchema-instance" xsi:noNamespaceSchemaLocation="https://maven.apache.org/surefire/maven-surefire-plugin/xsd/surefire-test-report.xsd" name="com.tiaa.factory.ProductAssembly.AppTest" time="17.13" tests="2" errors="0" skipped="0" failures="0">
  <properties>
[...]
</properties>
  <testcase name="checkCorrectCalculation1" classname="com.tiaa.factory.ProductAssembly.AppTest" time="8.017"/>
  <testcase name="checkCorrectCalculation2" classname="com.tiaa.factory.ProductAssembly.AppTest" time="9.023"/>
</testsuite>